<?xml version="1.0" encoding="UTF-8"?>
<!-- Generated by org.testng.reporters.JUnitXMLReporter -->
<testsuite hostname="DESKTOP-HM5G61C" ignored="3" name="Smoke" tests="3" failures="0" timestamp="2019-09-27T23:12:53 EDT" time="30.964" errors="0">
  <testcase name="filmsPage" time="3.728" classname="com.starwars.testcases.HomePageTest"/>
  <testcase name="homePage" time="0.009" classname="com.starwars.testcases.HomePageTest"/>
  <testcase name="videoPage" time="3.281" classname="com.starwars.testcases.HomePageTest"/>
  <testcase name="TC01_3" time="0.0" classname="com.starwars.testcases.APITestCases">
    <ignored/>
  </testcase> <!-- TC01_3 -->
  <testcase name="TC01_2" time="0.0" classname="com.starwars.testcases.APITestCases">
    <ignored/>
  </testcase> <!-- TC01_2 -->
  <testcase name="TC01_1" time="0.0" classname="com.starwars.testcases.APITestCases">
    <ignored/>
  </testcase> <!-- TC01_1 -->
</testsuite> <!-- Smoke -->
