<?xml version="1.0" encoding="UTF-8"?>
<testng-results skipped="0" failed="0" ignored="3" total="6" passed="3">
  <reporter-output>
  </reporter-output>
  <suite name="Suite" duration-ms="30964" started-at="2019-09-27T23:12:22 EDT" finished-at="2019-09-27T23:12:53 EDT">
    <groups>
      <group name="smoke">
        <method signature="HomePageTest.filmsPage()[pri:0, instance:com.starwars.testcases.HomePageTest@1786dec2]" name="filmsPage" class="com.starwars.testcases.HomePageTest"/>
        <method signature="HomePageTest.homePage()[pri:0, instance:com.starwars.testcases.HomePageTest@1786dec2]" name="homePage" class="com.starwars.testcases.HomePageTest"/>
        <method signature="HomePageTest.videoPage()[pri:0, instance:com.starwars.testcases.HomePageTest@1786dec2]" name="videoPage" class="com.starwars.testcases.HomePageTest"/>
      </group> <!-- smoke -->
    </groups>
    <test name="Smoke" duration-ms="30964" started-at="2019-09-27T23:12:22 EDT" finished-at="2019-09-27T23:12:53 EDT">
      <class name="com.starwars.testcases.HomePageTest">
        <test-method status="PASS" signature="setUp()[pri:0, instance:com.starwars.testcases.HomePageTest@1786dec2]" name="setUp" is-config="true" duration-ms="7894" started-at="2019-09-27T23:12:22 EDT" finished-at="2019-09-27T23:12:30 EDT">
          <reporter-output>
          </reporter-output>
        </test-method> <!-- setUp -->
        <test-method status="PASS" signature="filmsPage()[pri:0, instance:com.starwars.testcases.HomePageTest@1786dec2]" name="filmsPage" duration-ms="3728" started-at="2019-09-27T23:12:30 EDT" finished-at="2019-09-27T23:12:34 EDT">
          <reporter-output>
          </reporter-output>
        </test-method> <!-- filmsPage -->
        <test-method status="PASS" signature="tearDown()[pri:0, instance:com.starwars.testcases.HomePageTest@1786dec2]" name="tearDown" is-config="true" duration-ms="94" started-at="2019-09-27T23:12:34 EDT" finished-at="2019-09-27T23:12:34 EDT">
          <reporter-output>
          </reporter-output>
        </test-method> <!-- tearDown -->
        <test-method status="PASS" signature="setUp()[pri:0, instance:com.starwars.testcases.HomePageTest@1786dec2]" name="setUp" is-config="true" duration-ms="7056" started-at="2019-09-27T23:12:34 EDT" finished-at="2019-09-27T23:12:41 EDT">
          <reporter-output>
          </reporter-output>
        </test-method> <!-- setUp -->
        <test-method status="PASS" signature="homePage()[pri:0, instance:com.starwars.testcases.HomePageTest@1786dec2]" name="homePage" duration-ms="9" started-at="2019-09-27T23:12:41 EDT" finished-at="2019-09-27T23:12:41 EDT">
          <reporter-output>
          </reporter-output>
        </test-method> <!-- homePage -->
        <test-method status="PASS" signature="tearDown()[pri:0, instance:com.starwars.testcases.HomePageTest@1786dec2]" name="tearDown" is-config="true" duration-ms="2100" started-at="2019-09-27T23:12:41 EDT" finished-at="2019-09-27T23:12:43 EDT">
          <reporter-output>
          </reporter-output>
        </test-method> <!-- tearDown -->
        <test-method status="PASS" signature="setUp()[pri:0, instance:com.starwars.testcases.HomePageTest@1786dec2]" name="setUp" is-config="true" duration-ms="6649" started-at="2019-09-27T23:12:43 EDT" finished-at="2019-09-27T23:12:50 EDT">
          <reporter-output>
          </reporter-output>
        </test-method> <!-- setUp -->
        <test-method status="PASS" signature="videoPage()[pri:0, instance:com.starwars.testcases.HomePageTest@1786dec2]" name="videoPage" duration-ms="3281" started-at="2019-09-27T23:12:50 EDT" finished-at="2019-09-27T23:12:53 EDT">
          <reporter-output>
          </reporter-output>
        </test-method> <!-- videoPage -->
        <test-method status="PASS" signature="tearDown()[pri:0, instance:com.starwars.testcases.HomePageTest@1786dec2]" name="tearDown" is-config="true" duration-ms="97" started-at="2019-09-27T23:12:53 EDT" finished-at="2019-09-27T23:12:53 EDT">
          <reporter-output>
          </reporter-output>
        </test-method> <!-- tearDown -->
      </class> <!-- com.starwars.testcases.HomePageTest -->
    </test> <!-- Smoke -->
  </suite> <!-- Suite -->
</testng-results>
